<?xml version="1.0" encoding="UTF-8"?>
<testng-results skipped="0" failed="0" ignored="0" total="1" passed="1">
  <reporter-output>
  </reporter-output>
  <suite name="Default suite" duration-ms="17072" started-at="2017-05-12T09:00:53Z" finished-at="2017-05-12T09:01:10Z">
    <groups>
    </groups>
    <test name="Default test" duration-ms="17072" started-at="2017-05-12T09:00:53Z" finished-at="2017-05-12T09:01:10Z">
      <class name="Practice.Example">
        <test-method status="PASS" signature="main1()[pri:0, instance:Practice.Example@14acaea5]" name="main1" duration-ms="17053" started-at="2017-05-12T14:30:53Z" finished-at="2017-05-12T14:31:10Z">
          <reporter-output>
          </reporter-output>
        </test-method> <!-- main1 -->
      </class> <!-- Practice.Example -->
    </test> <!-- Default test -->
  </suite> <!-- Default suite -->
</testng-results>
